Clipboard_WindowManager/app/build/intermediates/manifest_merge_blame_file/debug/manifest-merger-blame-debug-report.txt
1<?xml version="1.0" encoding="utf-8"?>
2<manifest xmlns:android="http://schemas.android.com/apk/res/android"
3    package="com.example.clipboard_windowmanager"
4    android:versionCode="1"
5    android:versionName="1.0" >
6
7    <uses-sdk
8        android:minSdkVersion="16"
8-->src/main/AndroidManifest.xml
9        android:targetSdkVersion="29" />
9-->src/main/AndroidManifest.xml
10
11    <uses-permission android:name="android.permission.VIBRATE" />
11-->src/main/AndroidManifest.xml:4:5-65
11-->src/main/AndroidManifest.xml:4:22-63
12    <uses-permission android:name="android.permission.SYSTEM_ALERT_WINDOW" />
12-->src/main/AndroidManifest.xml:5:5-77
12-->src/main/AndroidManifest.xml:5:22-75
13
14    <application
14-->src/main/AndroidManifest.xml:6:5-25:19
15        android:allowBackup="true"
15-->src/main/AndroidManifest.xml:7:9-35
16        android:appComponentFactory="androidx.core.app.CoreComponentFactory"
16-->[androidx.core:core:1.3.1] AndroidManifest.xml:24:18-86
17        android:debuggable="true"
18        android:icon="@mipmap/ic_launcher"
18-->src/main/AndroidManifest.xml:8:9-43
19        android:label="@string/app_name"
19-->src/main/AndroidManifest.xml:9:9-41
20        android:roundIcon="@mipmap/ic_launcher_round"
20-->src/main/AndroidManifest.xml:10:9-54
21        android:supportsRtl="true"
21-->src/main/AndroidManifest.xml:11:9-35
22        android:testOnly="true"
23        android:theme="@style/Theme.Clipboard_WindowManager" >
23-->src/main/AndroidManifest.xml:12:9-61
24        <activity android:name="com.example.clipboard_windowmanager.MainActivity" >
24-->src/main/AndroidManifest.xml:13:9-19:20
24-->src/main/AndroidManifest.xml:13:19-47
25            <intent-filter>
25-->src/main/AndroidManifest.xml:14:13-18:29
26                <action android:name="android.intent.action.MAIN" />
26-->src/main/AndroidManifest.xml:15:17-69
26-->src/main/AndroidManifest.xml:15:25-66
27
28                <category android:name="android.intent.category.LAUNCHER" />
28-->src/main/AndroidManifest.xml:17:17-77
28-->src/main/AndroidManifest.xml:17:27-74
29            </intent-filter>
30        </activity>
31        <activity android:name="com.example.clipboard_windowmanager.PasteResultActivity" />
31-->src/main/AndroidManifest.xml:20:9-57
31-->src/main/AndroidManifest.xml:20:19-54
32
33        <service android:name="com.example.clipboard_windowmanager.ClipBoardService" />
33-->src/main/AndroidManifest.xml:21:9-53
33-->src/main/AndroidManifest.xml:21:18-50
34        <service
34-->src/main/AndroidManifest.xml:22:9-24:75
35            android:name="com.example.clipboard_windowmanager.WindowManagerService"
35-->src/main/AndroidManifest.xml:22:18-54
36            android:enabled="true"
36-->src/main/AndroidManifest.xml:23:13-35
37            android:permission="android.permission.SYSTEM_ALERT_WINDOW" />
37-->src/main/AndroidManifest.xml:24:13-72
38    </application>
39
40</manifest>